[13-Jul-2024 10:34:24 UTC] PHP Deprecated:  Hook http_api_transports is deprecated since version 6.4.0 with no alternative available. in /wordpress/wp-includes/functions.php on line 135
[13-Jul-2024 10:34:29 UTC] PHP Deprecated:  Hook http_api_transports is deprecated since version 6.4.0 with no alternative available. in /wordpress/wp-includes/functions.php on line 135
[13-Jul-2024 10:34:36 UTC] PHP Deprecated:  Hook http_api_transports is deprecated since version 6.4.0 with no alternative available. in /wordpress/wp-includes/functions.php on line 135
[13-Jul-2024 10:34:45 UTC] PHP Deprecated:  Hook http_api_transports is deprecated since version 6.4.0 with no alternative available. in /wordpress/wp-includes/functions.php on line 135
[13-Jul-2024 10:34:52 UTC] PHP Deprecated:  Hook http_api_transports is deprecated since version 6.4.0 with no alternative available. in /wordpress/wp-includes/functions.php on line 135
[13-Jul-2024 10:35:16 UTC] PHP Deprecated:  Hook http_api_transports is deprecated since version 6.4.0 with no alternative available. in /wordpress/wp-includes/functions.php on line 135
[13-Jul-2024 10:35:46 UTC] PHP Deprecated:  Hook http_api_transports is deprecated since version 6.4.0 with no alternative available. in /wordpress/wp-includes/functions.php on line 135
[13-Jul-2024 10:35:55 UTC] PHP Deprecated:  Hook http_api_transports is deprecated since version 6.4.0 with no alternative available. in /wordpress/wp-includes/functions.php on line 135
[13-Jul-2024 10:36:02 UTC] PHP Deprecated:  Hook http_api_transports is deprecated since version 6.4.0 with no alternative available. in /wordpress/wp-includes/functions.php on line 135
[13-Jul-2024 10:36:15 UTC] PHP Deprecated:  Hook http_api_transports is deprecated since version 6.4.0 with no alternative available. in /wordpress/wp-includes/functions.php on line 135
[13-Jul-2024 10:36:55 UTC] PHP Deprecated:  Hook http_api_transports is deprecated since version 6.4.0 with no alternative available. in /wordpress/wp-includes/functions.php on line 135
[13-Jul-2024 10:37:45 UTC] PHP Deprecated:  Hook http_api_transports is deprecated since version 6.4.0 with no alternative available. in /wordpress/wp-includes/functions.php on line 135
[13-Jul-2024 10:39:35 UTC] PHP Deprecated:  Hook http_api_transports is deprecated since version 6.4.0 with no alternative available. in /wordpress/wp-includes/functions.php on line 135
[13-Jul-2024 11:03:58 UTC] PHP Deprecated:  Hook http_api_transports is deprecated since version 6.4.0 with no alternative available. in /wordpress/wp-includes/functions.php on line 135
[13-Jul-2024 11:04:07 UTC] PHP Deprecated:  Hook http_api_transports is deprecated since version 6.4.0 with no alternative available. in /wordpress/wp-includes/functions.php on line 135
[13-Jul-2024 11:04:11 UTC] PHP Deprecated:  Hook http_api_transports is deprecated since version 6.4.0 with no alternative available. in /wordpress/wp-includes/functions.php on line 135
[13-Jul-2024 11:04:12 UTC] PHP Deprecated:  Hook http_api_transports is deprecated since version 6.4.0 with no alternative available. in /wordpress/wp-includes/functions.php on line 135
[13-Jul-2024 11:09:11 UTC] PHP Deprecated:  Hook http_api_transports is deprecated since version 6.4.0 with no alternative available. in /wordpress/wp-includes/functions.php on line 135
[13-Jul-2024 11:09:23 UTC] PHP Deprecated:  Hook http_api_transports is deprecated since version 6.4.0 with no alternative available. in /wordpress/wp-includes/functions.php on line 135
[13-Jul-2024 11:09:26 UTC] PHP Deprecated:  Hook http_api_transports is deprecated since version 6.4.0 with no alternative available. in /wordpress/wp-includes/functions.php on line 135
[13-Jul-2024 11:09:26 UTC] PHP Fatal error:  Uncaught WP2Static\WP2StaticException: Looks like you're trying to activate WP2Static from source code, without compiling it first. Please see https://wp2static.com/compiling-from-source for assistance. in /wordpress/wp-content/plugins/wp2static-7.2/wp2static.php:29
Stack trace:
#0 /wordpress/wp-admin/includes/plugin.php(2): include_once()
#1 /wordpress/wp-admin/includes/plugin.php(2): plugin_sandbox_scrape('wp2static-7.2/w...')
#2 /wordpress/wp-admin/plugins.php(2): activate_plugin('wp2static-7.2/w...', 'https://playgro...', false)
#3 {main}
  thrown in /wordpress/wp-content/plugins/wp2static-7.2/wp2static.php on line 29
[13-Jul-2024 11:09:36 UTC] PHP Deprecated:  Hook http_api_transports is deprecated since version 6.4.0 with no alternative available. in /wordpress/wp-includes/functions.php on line 135
[13-Jul-2024 11:09:45 UTC] PHP Deprecated:  Hook http_api_transports is deprecated since version 6.4.0 with no alternative available. in /wordpress/wp-includes/functions.php on line 135
[13-Jul-2024 11:09:45 UTC] PHP Fatal error:  Uncaught WP2Static\WP2StaticException: Looks like you're trying to activate WP2Static from source code, without compiling it first. Please see https://wp2static.com/compiling-from-source for assistance. in /wordpress/wp-content/plugins/wp2static-7.2/wp2static.php:29
Stack trace:
#0 /wordpress/wp-admin/includes/plugin.php(2): include_once()
#1 /wordpress/wp-admin/includes/plugin.php(2): plugin_sandbox_scrape('wp2static-7.2/w...')
#2 /wordpress/wp-admin/plugins.php(2): activate_plugin('wp2static-7.2/w...', 'https://playgro...', false)
#3 {main}
  thrown in /wordpress/wp-content/plugins/wp2static-7.2/wp2static.php on line 29
[13-Jul-2024 11:09:52 UTC] PHP Deprecated:  Hook http_api_transports is deprecated since version 6.4.0 with no alternative available. in /wordpress/wp-includes/functions.php on line 135
[13-Jul-2024 11:09:55 UTC] PHP Deprecated:  Hook http_api_transports is deprecated since version 6.4.0 with no alternative available. in /wordpress/wp-includes/functions.php on line 135
[13-Jul-2024 11:09:58 UTC] PHP Deprecated:  Hook http_api_transports is deprecated since version 6.4.0 with no alternative available. in /wordpress/wp-includes/functions.php on line 135
[13-Jul-2024 11:09:59 UTC] PHP Fatal error:  Uncaught WP2Static\WP2StaticException: Looks like you're trying to activate WP2Static from source code, without compiling it first. Please see https://wp2static.com/compiling-from-source for assistance. in /wordpress/wp-content/plugins/wp2static-7.2/wp2static.php:29
Stack trace:
#0 /wordpress/wp-admin/includes/plugin.php(2): include_once()
#1 /wordpress/wp-admin/includes/plugin.php(2): plugin_sandbox_scrape('wp2static-7.2/w...')
#2 /wordpress/wp-admin/plugins.php(2): activate_plugin('wp2static-7.2/w...', 'https://playgro...', false)
#3 {main}
  thrown in /wordpress/wp-content/plugins/wp2static-7.2/wp2static.php on line 29
[13-Jul-2024 11:10:02 UTC] PHP Deprecated:  Hook http_api_transports is deprecated since version 6.4.0 with no alternative available. in /wordpress/wp-includes/functions.php on line 135
[13-Jul-2024 11:10:02 UTC] PHP Fatal error:  Uncaught WP2Static\WP2StaticException: Looks like you're trying to activate WP2Static from source code, without compiling it first. Please see https://wp2static.com/compiling-from-source for assistance. in /wordpress/wp-content/plugins/wp2static-7.2/wp2static.php:29
Stack trace:
#0 /wordpress/wp-admin/includes/plugin.php(2): include_once()
#1 /wordpress/wp-admin/includes/plugin.php(2): plugin_sandbox_scrape('wp2static-7.2/w...')
#2 /wordpress/wp-admin/plugins.php(2): activate_plugin('wp2static-7.2/w...', 'https://playgro...', false)
#3 {main}
  thrown in /wordpress/wp-content/plugins/wp2static-7.2/wp2static.php on line 29
[13-Jul-2024 11:10:08 UTC] PHP Deprecated:  Hook http_api_transports is deprecated since version 6.4.0 with no alternative available. in /wordpress/wp-includes/functions.php on line 135
